#
# A fatal error has been detected by the Java Runtime Environment:
#
#  SIGSEGV (0xb) at pc=0x000000010ac32d20, pid=12747, tid=19203
#
# JRE version: Java(TM) SE Runtime Environment (8.0_40-b25) (build 1.8.0_40-b25)
# Java VM: Java HotSpot(TM) 64-Bit Server VM (25.40-b25 mixed mode bsd-amd64 compressed oops)
# Problematic frame:
# V  [libjvm.dylib+0x432d20]  Method::checked_resolve_jmethod_id(_jmethodID*)+0xe
#
# Failed to write core dump. Core dumps have been disabled. To enable core dumping, try "ulimit -c unlimited" before starting Java again
#
# If you would like to submit a bug report, please visit:
#   http://bugreport.java.com/bugreport/crash.jsp
#

---------------  T H R E A D  ---------------

Current thread (0x00007fedf7001000):  JavaThread "JDWP Transport Listener: dt_socket" daemon [_thread_in_vm, id=19203, stack(0x0000700007b99000,0x0000700007c99000)]

siginfo: si_signo: 11 (SIGSEGV), si_code: 0 (unknown), si_addr: 0x0000000000000000

Registers:
RAX=0x0000000000000001, RBX=0x0000700007c98a8b, RCX=0x000000010affa190, RDX=0x0000700007c98a8b
RSP=0x0000700007c989d0, RBP=0x0000700007c989e0, RSI=0x00007fedf7001000, RDI=0x6000000000000000
R8 =0x0000000000000000, R9 =0x00007fedf4610130, R10=0x0000000000000001, R11=0x0000000000000001
R12=0x00007fedf7001000, R13=0x6000000000000000, R14=0x6000000000000000, R15=0x00007fedf4401a90
RIP=0x000000010ac32d20, EFLAGS=0x0000000000010206, ERR=0x0000000000000000
  TRAPNO=0x000000000000000d

Top of Stack: (sp=0x0000700007c989d0)
0x0000700007c989d0:   0000700007c98a8b 0000700007c98a8b
0x0000700007c989e0:   0000700007c98a40 000000010ab4311a
0x0000700007c989f0:   00007fedf7001000 0000000000000000
0x0000700007c98a00:   0000000000000000 0000000000000000
0x0000700007c98a10:   00007fedf7001000 00007fedf7001000
0x0000700007c98a20:   0000700007c98a8b 0000700007c98a90
0x0000700007c98a30:   6000000000000000 0000000000000004
0x0000700007c98a40:   0000700007c98a60 00000001097b5780
0x0000700007c98a50:   0000000000000001 0000700007c98b08
0x0000700007c98a60:   0000700007c98ad0 000000010979a1f3
0x0000700007c98a70:   0000700007c98aa0 00007fedf46002f0
0x0000700007c98a80:   0000000500000032 0000000900c98b08
0x0000700007c98a90:   0000000000000000 0000000000000000
0x0000700007c98aa0:   0000000000000000 0000700007c98c90
0x0000700007c98ab0:   00000001097bce7a 00007fedf6805f20
0x0000700007c98ac0:   0000700007c98b08 00000001097c8598
0x0000700007c98ad0:   0000700007c98ae0 000000010979a2ec
0x0000700007c98ae0:   0000700007c98d00 00000001097a3898
0x0000700007c98af0:   0002becd00000013 00000000000f0200
0x0000700007c98b00:   00007fedf6805f40 0000700007c98c28
0x0000700007c98b10:   00007fed0000005c 0000700007c98b20
0x0000700007c98b20:   00007fed000000d0 0000700007c98b58
0x0000700007c98b30:   0000000000000000 0000000000000000
0x0000700007c98b40:   0002becd0000000f 00007fed00001880
0x0000700007c98b50:   0000700007c98b58 ed7f000005000000
0x0000700007c98b60:   06000000d03d71f4 00003e74696e693c
0x0000700007c98b70:   0000005629280300 7f00000100000000
0x0000700007c98b80:   000000e03d71f4ed 75706e4977656e08
0x0000700007c98b90:   4c29282100000074 65772f7275747261
0x0000700007c98ba0:   6b7361542f336b65 6353747361462434
0x0000700007c98bb0:   00003b72656e6e61 0000080000000000
0x0000700007c98bc0:   0000e83d71f4ed7f 74754f77656e0900 

Instructions: (pc=0x000000010ac32d20)
0x000000010ac32d00:   40 48 48 85 c0 75 e0 30 c0 0f b6 c0 5d c3 31 c0
0x000000010ac32d10:   5d c3 55 48 89 e5 53 48 83 ec 08 48 85 ff 74 24
0x000000010ac32d20:   48 8b 1f 48 85 db 74 1c 48 83 fb 37 74 16 48 8b
0x000000010ac32d30:   03 48 89 df ff 50 10 84 c0 b8 00 00 00 00 48 0f 

Register to memory mapping:

RAX=0x0000000000000001 is an unknown value
RBX=0x0000700007c98a8b is pointing into the stack for thread: 0x00007fedf7001000
RCX=0x000000010affa190: UseMembar+0 in /Library/Java/JavaVirtualMachines/jdk1.8.0_40.jdk/Contents/Home/jre/lib/server/libjvm.dylib at 0x000000010a800000
RDX=0x0000700007c98a8b is pointing into the stack for thread: 0x00007fedf7001000
RSP=0x0000700007c989d0 is pointing into the stack for thread: 0x00007fedf7001000
RBP=0x0000700007c989e0 is pointing into the stack for thread: 0x00007fedf7001000
RSI=0x00007fedf7001000 is a thread
RDI=0x6000000000000000 is an unknown value
R8 =0x0000000000000000 is an unknown value
R9 =0x00007fedf4610130 is an unknown value
R10=0x0000000000000001 is an unknown value
R11=0x0000000000000001 is an unknown value
R12=0x00007fedf7001000 is a thread
R13=0x6000000000000000 is an unknown value
R14=0x6000000000000000 is an unknown value
R15=0x00007fedf4401a90 is an unknown value


Stack: [0x0000700007b99000,0x0000700007c99000],  sp=0x0000700007c989d0,  free space=1022k
Native frames: (J=compiled Java code, j=interpreted, Vv=VM code, C=native code)
V  [libjvm.dylib+0x432d20]  Method::checked_resolve_jmethod_id(_jmethodID*)+0xe
V  [libjvm.dylib+0x34311a]  jvmti_IsMethodSynthetic+0xb2
C  [libjdwp.dylib+0x20780]  isMethodSynthetic+0x63
C  [libjdwp.dylib+0x51f3]  methods1+0x10b
C  [libjdwp.dylib+0x52ec]  methodsWithGeneric+0xe
C  [libjdwp.dylib+0xe898]  debugLoop_run+0x1ce
C  [libjdwp.dylib+0x1f6ba]  attachThread+0x4d
V  [libjvm.dylib+0x384060]  JvmtiAgentThread::call_start_function()+0x38
V  [libjvm.dylib+0x549acf]  JavaThread::thread_main_inner()+0x9b
V  [libjvm.dylib+0x54b1c0]  JavaThread::run()+0x1c2
V  [libjvm.dylib+0x46ea8e]  java_start(Thread*)+0xf6
C  [libsystem_pthread.dylib+0x39af]  _pthread_body+0xb4
C  [libsystem_pthread.dylib+0x38fb]  _pthread_body+0x0
C  [libsystem_pthread.dylib+0x3101]  thread_start+0xd
C  0x0000000000000000


---------------  P R O C E S S  ---------------

Java Threads: ( => current thread )
  0x00007fedf881a000 JavaThread "Service Thread" daemon [_thread_blocked, id=22787, stack(0x00007000082ae000,0x00007000083ae000)]
  0x00007fedf8028800 JavaThread "C1 CompilerThread3" daemon [_thread_blocked, id=22275, stack(0x00007000081ab000,0x00007000082ab000)]
  0x00007fedf780f000 JavaThread "C2 CompilerThread2" daemon [_thread_blocked, id=21763, stack(0x00007000080a8000,0x00007000081a8000)]
  0x00007fedf8801000 JavaThread "C2 CompilerThread1" daemon [_thread_blocked, id=21251, stack(0x0000700007fa5000,0x00007000080a5000)]
  0x00007fedf7002000 JavaThread "C2 CompilerThread0" daemon [_thread_blocked, id=20739, stack(0x0000700007ea2000,0x0000700007fa2000)]
  0x00007fedf6007800 JavaThread "JDWP Command Reader" daemon [_thread_in_native, id=20227, stack(0x0000700007d9f000,0x0000700007e9f000)]
  0x00007fedf6000800 JavaThread "JDWP Event Helper Thread" daemon [_thread_blocked, id=19715, stack(0x0000700007c9c000,0x0000700007d9c000)]
=>0x00007fedf7001000 JavaThread "JDWP Transport Listener: dt_socket" daemon [_thread_in_vm, id=19203, stack(0x0000700007b99000,0x0000700007c99000)]
  0x00007fedf780e800 JavaThread "Signal Dispatcher" daemon [_thread_blocked, id=18691, stack(0x0000700007a96000,0x0000700007b96000)]
  0x00007fedf7820800 JavaThread "Finalizer" daemon [_thread_blocked, id=14339, stack(0x0000700007910000,0x0000700007a10000)]
  0x00007fedf7800000 JavaThread "Reference Handler" daemon [_thread_blocked, id=13827, stack(0x000070000780d000,0x000070000790d000)]
  0x00007fedf7801800 JavaThread "main" [_thread_blocked, id=6915, stack(0x0000700006def000,0x0000700006eef000)]

Other Threads:
  0x00007fedf4813000 VMThread [stack: 0x000070000770a000,0x000070000780a000] [id=13315]
  0x00007fedf5848000 WatcherThread [stack: 0x00007000083b1000,0x00007000084b1000] [id=23299]

VM state:not at safepoint (normal execution)

VM Mutex/Monitor currently owned by a thread: None

Heap:
 PSYoungGen      total 76288K, used 5243K [0x000000076ab00000, 0x0000000770000000, 0x00000007c0000000)
  eden space 65536K, 8% used [0x000000076ab00000,0x000000076b01ec70,0x000000076eb00000)
  from space 10752K, 0% used [0x000000076f580000,0x000000076f580000,0x0000000770000000)
  to   space 10752K, 0% used [0x000000076eb00000,0x000000076eb00000,0x000000076f580000)
 ParOldGen       total 175104K, used 0K [0x00000006c0000000, 0x00000006cab00000, 0x000000076ab00000)
  object space 175104K, 0% used [0x00000006c0000000,0x00000006c0000000,0x00000006cab00000)
 Metaspace       used 2864K, capacity 4564K, committed 4864K, reserved 1056768K
  class space    used 305K, capacity 388K, committed 512K, reserved 1048576K

Card table byte_map: [0x000000010bbe2000,0x000000010c3e3000] byte_map_base: 0x00000001085e2000

Marking Bits: (ParMarkBitMap*) 0x000000010b0c27a0
 Begin Bits: [0x0000000120ce2000, 0x0000000124ce2000)
 End Bits:   [0x0000000124ce2000, 0x0000000128ce2000)

Polling page: 0x0000000109794000

CodeCache: size=245760Kb used=1202Kb max_used=1202Kb free=244557Kb
 bounds [0x0000000111ce2000, 0x0000000111f52000, 0x0000000120ce2000]
 total_blobs=310 nmethods=78 adapters=154
 compilation: enabled

Compilation events (10 events):
Event: 0.153 Thread 0x00007fedf8028800   74       3       java.util.HashMap::afterNodeInsertion (1 bytes)
Event: 0.153 Thread 0x00007fedf8028800 nmethod 74 0x0000000111e0d490 code [0x0000000111e0d5e0, 0x0000000111e0d730]
Event: 0.153 Thread 0x00007fedf8028800   73       3       java.lang.StringBuilder::toString (17 bytes)
Event: 0.153 Thread 0x00007fedf8028800 nmethod 73 0x0000000111e0d790 code [0x0000000111e0d900, 0x0000000111e0db08]
Event: 0.168 Thread 0x00007fedf8028800   75       3       java.lang.String::startsWith (7 bytes)
Event: 0.169 Thread 0x00007fedf8028800 nmethod 75 0x0000000111e0dbd0 code [0x0000000111e0dd40, 0x0000000111e0df68]
Event: 0.169 Thread 0x00007fedf8028800   76       3       java.util.Arrays::copyOf (19 bytes)
Event: 0.169 Thread 0x00007fedf8028800 nmethod 76 0x0000000111e0e010 code [0x0000000111e0e1a0, 0x0000000111e0e4c8]
Event: 0.171 Thread 0x00007fedf8028800   77       3       java.util.concurrent.ConcurrentHashMap::tabAt (21 bytes)
Event: 0.171 Thread 0x00007fedf8028800 nmethod 77 0x0000000111e0e990 code [0x0000000111e0eb00, 0x0000000111e0ed30]

GC Heap History (0 events):
No events

Deoptimization events (1 events):
Event: 0.148 Thread 0x00007fedf7801800 Uncommon trap: reason=unstable_if action=reinterpret pc=0x0000000111e08bcc method=java.lang.String.hashCode()I @ 14

Internal exceptions (10 events):
Event: 0.132 Thread 0x00007fedf7801800 Exception <a 'java/security/PrivilegedActionException'> (0x000000076abe39e0) thrown at [/Users/java_re/workspace/8-2-build-macosx-x86_64/jdk8u40/2855/hotspot/src/share/vm/prims/jvm.cpp, line 1382]
Event: 0.132 Thread 0x00007fedf7801800 Exception <a 'java/util/zip/ZipException'> (0x000000076abe4708) thrown at [/Users/java_re/workspace/8-2-build-macosx-x86_64/jdk8u40/2855/hotspot/src/share/vm/prims/jni.cpp, line 709]
Event: 0.132 Thread 0x00007fedf7801800 Exception <a 'java/security/PrivilegedActionException'> (0x000000076abe48b8) thrown at [/Users/java_re/workspace/8-2-build-macosx-x86_64/jdk8u40/2855/hotspot/src/share/vm/prims/jvm.cpp, line 1382]
Event: 0.132 Thread 0x00007fedf7801800 Exception <a 'java/security/PrivilegedActionException'> (0x000000076abe4a70) thrown at [/Users/java_re/workspace/8-2-build-macosx-x86_64/jdk8u40/2855/hotspot/src/share/vm/prims/jvm.cpp, line 1382]
Event: 0.134 Thread 0x00007fedf7801800 Exception <a 'java/util/zip/ZipException'> (0x000000076abe5798) thrown at [/Users/java_re/workspace/8-2-build-macosx-x86_64/jdk8u40/2855/hotspot/src/share/vm/prims/jni.cpp, line 709]
Event: 0.134 Thread 0x00007fedf7801800 Exception <a 'java/security/PrivilegedActionException'> (0x000000076abe5948) thrown at [/Users/java_re/workspace/8-2-build-macosx-x86_64/jdk8u40/2855/hotspot/src/share/vm/prims/jvm.cpp, line 1382]
Event: 0.134 Thread 0x00007fedf7801800 Exception <a 'java/security/PrivilegedActionException'> (0x000000076abe5b00) thrown at [/Users/java_re/workspace/8-2-build-macosx-x86_64/jdk8u40/2855/hotspot/src/share/vm/prims/jvm.cpp, line 1382]
Event: 0.136 Thread 0x00007fedf7801800 Exception <a 'java/util/zip/ZipException'> (0x000000076abf75e0) thrown at [/Users/java_re/workspace/8-2-build-macosx-x86_64/jdk8u40/2855/hotspot/src/share/vm/prims/jni.cpp, line 709]
Event: 0.136 Thread 0x00007fedf7801800 Exception <a 'java/security/PrivilegedActionException'> (0x000000076abf7790) thrown at [/Users/java_re/workspace/8-2-build-macosx-x86_64/jdk8u40/2855/hotspot/src/share/vm/prims/jvm.cpp, line 1382]
Event: 0.136 Thread 0x00007fedf7801800 Exception <a 'java/security/PrivilegedActionException'> (0x000000076abf7948) thrown at [/Users/java_re/workspace/8-2-build-macosx-x86_64/jdk8u40/2855/hotspot/src/share/vm/prims/jvm.cpp, line 1382]

Events (10 events):
Event: 1.084 Executing VM operation: GetOrSetLocal
Event: 1.084 Executing VM operation: GetOrSetLocal done
Event: 4.132 Executing VM operation: EnableBiasedLocking
Event: 4.132 Executing VM operation: EnableBiasedLocking done
Event: 54.355 Executing VM operation: ChangeBreakpoints
Event: 54.355 Executing VM operation: ChangeBreakpoints done
Event: 186.791 Executing VM operation: ChangeBreakpoints
Event: 186.791 Executing VM operation: ChangeBreakpoints done
Event: 186.794 Executing VM operation: RedefineClasses
Event: 186.796 Executing VM operation: RedefineClasses done


Dynamic libraries:
0x00000000117dc000 	/System/Library/Frameworks/Cocoa.framework/Versions/A/Cocoa
0x00000000117dc000 	/System/Library/Frameworks/Security.framework/Versions/A/Security
0x00000000117dc000 	/System/Library/Frameworks/ApplicationServices.framework/Versions/A/ApplicationServices
0x00000000117dc000 	/usr/lib/libz.1.dylib
0x00000000117dc000 	/usr/lib/libSystem.B.dylib
0x00000000117dc000 	/usr/lib/libobjc.A.dylib
0x00000000117dc000 	/System/Library/Frameworks/CoreFoundation.framework/Versions/A/CoreFoundation
0x00000000117dc000 	/System/Library/Frameworks/Foundation.framework/Versions/C/Foundation
0x00000000117dc000 	/System/Library/Frameworks/AppKit.framework/Versions/C/AppKit
0x00000000117dc000 	/System/Library/Frameworks/CoreData.framework/Versions/A/CoreData
0x00000000117dc000 	/System/Library/PrivateFrameworks/RemoteViewServices.framework/Versions/A/RemoteViewServices
0x00000000117dc000 	/System/Library/PrivateFrameworks/UIFoundation.framework/Versions/A/UIFoundation
0x00000000117dc000 	/System/Library/PrivateFrameworks/DFRFoundation.framework/Versions/A/DFRFoundation
0x00000000117dc000 	/usr/lib/libenergytrace.dylib
0x00000000117dc000 	/System/Library/PrivateFrameworks/SkyLight.framework/Versions/A/SkyLight
0x00000000117dc000 	/System/Library/Frameworks/CoreGraphics.framework/Versions/A/CoreGraphics
0x00000000117dc000 	/usr/lib/libScreenReader.dylib
0x00000000117dc000 	/System/Library/Frameworks/Accelerate.framework/Versions/A/Accelerate
0x00000000117dc000 	/System/Library/Frameworks/IOSurface.framework/Versions/A/IOSurface
0x00000000117dc000 	/System/Library/Frameworks/AudioToolbox.framework/Versions/A/AudioToolbox
0x00000000117dc000 	/System/Library/Frameworks/AudioUnit.framework/Versions/A/AudioUnit
0x00000000117dc000 	/System/Library/PrivateFrameworks/DataDetectorsCore.framework/Versions/A/DataDetectorsCore
0x00000000117dc000 	/System/Library/PrivateFrameworks/DesktopServicesPriv.framework/Versions/A/DesktopServicesPriv
0x00000000117dc000 	/System/Library/Frameworks/Carbon.framework/Versions/A/Frameworks/HIToolbox.framework/Versions/A/HIToolbox
0x00000000117dc000 	/usr/lib/libicucore.A.dylib
0x00000000117dc000 	/System/Library/Frameworks/QuartzCore.framework/Versions/A/QuartzCore
0x00000000117dc000 	/System/Library/Frameworks/Carbon.framework/Versions/A/Frameworks/SpeechRecognition.framework/Versions/A/SpeechRecognition
0x00000000117dc000 	/usr/lib/libauto.dylib
0x00000000117dc000 	/usr/lib/libxml2.2.dylib
0x00000000117dc000 	/System/Library/PrivateFrameworks/CoreUI.framework/Versions/A/CoreUI
0x00000000117dc000 	/System/Library/Frameworks/CoreAudio.framework/Versions/A/CoreAudio
0x00000000117dc000 	/System/Library/Frameworks/DiskArbitration.framework/Versions/A/DiskArbitration
0x00000000117dc000 	/usr/lib/liblangid.dylib
0x00000000117dc000 	/System/Library/PrivateFrameworks/MultitouchSupport.framework/Versions/A/MultitouchSupport
0x00000000117dc000 	/System/Library/Frameworks/IOKit.framework/Versions/A/IOKit
0x00000000117dc000 	/usr/lib/libDiagnosticMessagesClient.dylib
0x00000000117dc000 	/System/Library/Frameworks/CoreServices.framework/Versions/A/CoreServices
0x00000000117dc000 	/System/Library/PrivateFrameworks/PerformanceAnalysis.framework/Versions/A/PerformanceAnalysis
0x00000000117dc000 	/System/Library/PrivateFrameworks/GenerationalStorage.framework/Versions/A/GenerationalStorage
0x00000000117dc000 	/System/Library/Frameworks/OpenGL.framework/Versions/A/OpenGL
0x00000000117dc000 	/System/Library/Frameworks/CoreImage.framework/Versions/A/CoreImage
0x00000000117dc000 	/System/Library/Frameworks/CoreText.framework/Versions/A/CoreText
0x00000000117dc000 	/System/Library/Frameworks/ImageIO.framework/Versions/A/ImageIO
0x00000000117dc000 	/System/Library/PrivateFrameworks/Backup.framework/Versions/A/Backup
0x00000000117dc000 	/usr/lib/libarchive.2.dylib
0x00000000117dc000 	/System/Library/Frameworks/CFNetwork.framework/Versions/A/CFNetwork
0x00000000117dc000 	/System/Library/Frameworks/SystemConfiguration.framework/Versions/A/SystemConfiguration
0x00000000117dc000 	/usr/lib/libCRFSuite.dylib
0x00000000117dc000 	/usr/lib/libc++.1.dylib
0x00000000117dc000 	/usr/lib/libc++abi.dylib
0x00000000117dc000 	/usr/lib/system/libcache.dylib
0x00000000117dc000 	/usr/lib/system/libcommonCrypto.dylib
0x00000000117dc000 	/usr/lib/system/libcompiler_rt.dylib
0x00000000117dc000 	/usr/lib/system/libcopyfile.dylib
0x00000000117dc000 	/usr/lib/system/libcorecrypto.dylib
0x00000000117dc000 	/usr/lib/system/libdispatch.dylib
0x00000000117dc000 	/usr/lib/system/libdyld.dylib
0x00000000117dc000 	/usr/lib/system/libkeymgr.dylib
0x00000000117dc000 	/usr/lib/system/liblaunch.dylib
0x00000000117dc000 	/usr/lib/system/libmacho.dylib
0x00000000117dc000 	/usr/lib/system/libquarantine.dylib
0x00000000117dc000 	/usr/lib/system/libremovefile.dylib
0x00000000117dc000 	/usr/lib/system/libsystem_asl.dylib
0x00000000117dc000 	/usr/lib/system/libsystem_blocks.dylib
0x00000000117dc000 	/usr/lib/system/libsystem_c.dylib
0x00000000117dc000 	/usr/lib/system/libsystem_configuration.dylib
0x00000000117dc000 	/usr/lib/system/libsystem_coreservices.dylib
0x00000000117dc000 	/usr/lib/system/libsystem_coretls.dylib
0x00000000117dc000 	/usr/lib/system/libsystem_dnssd.dylib
0x00000000117dc000 	/usr/lib/system/libsystem_info.dylib
0x00000000117dc000 	/usr/lib/system/libsystem_kernel.dylib
0x00000000117dc000 	/usr/lib/system/libsystem_m.dylib
0x00000000117dc000 	/usr/lib/system/libsystem_malloc.dylib
0x00000000117dc000 	/usr/lib/system/libsystem_network.dylib
0x00000000117dc000 	/usr/lib/system/libsystem_networkextension.dylib
0x00000000117dc000 	/usr/lib/system/libsystem_notify.dylib
0x00000000117dc000 	/usr/lib/system/libsystem_platform.dylib
0x00000000117dc000 	/usr/lib/system/libsystem_pthread.dylib
0x00000000117dc000 	/usr/lib/system/libsystem_sandbox.dylib
0x00000000117dc000 	/usr/lib/system/libsystem_secinit.dylib
0x00000000117dc000 	/usr/lib/system/libsystem_symptoms.dylib
0x00000000117dc000 	/usr/lib/system/libsystem_trace.dylib
0x00000000117dc000 	/usr/lib/system/libunwind.dylib
0x00000000117dc000 	/usr/lib/system/libxpc.dylib
0x00000000117dc000 	/usr/lib/libbsm.0.dylib
0x00000000117dc000 	/usr/lib/system/libkxld.dylib
0x00000000117dc000 	/usr/lib/libcoretls.dylib
0x00000000117dc000 	/usr/lib/libcoretls_cfhelpers.dylib
0x00000000117dc000 	/usr/lib/libOpenScriptingUtil.dylib
0x00000000117dc000 	/usr/lib/libpam.2.dylib
0x00000000117dc000 	/usr/lib/libsqlite3.dylib
0x00000000117dc000 	/usr/lib/libxar.1.dylib
0x00000000117dc000 	/usr/lib/libbz2.1.0.dylib
0x00000000117dc000 	/usr/lib/liblzma.5.dylib
0x00000000117dc000 	/usr/lib/libnetwork.dylib
0x00000000117dc000 	/usr/lib/libpcap.A.dylib
0x00000000117dc000 	/System/Library/Frameworks/CoreServices.framework/Versions/A/Frameworks/FSEvents.framework/Versions/A/FSEvents
0x00000000117dc000 	/System/Library/Frameworks/CoreServices.framework/Versions/A/Frameworks/CarbonCore.framework/Versions/A/CarbonCore
0x00000000117dc000 	/System/Library/Frameworks/CoreServices.framework/Versions/A/Frameworks/Metadata.framework/Versions/A/Metadata
0x00000000117dc000 	/System/Library/Frameworks/CoreServices.framework/Versions/A/Frameworks/OSServices.framework/Versions/A/OSServices
0x00000000117dc000 	/System/Library/Frameworks/CoreServices.framework/Versions/A/Frameworks/SearchKit.framework/Versions/A/SearchKit
0x00000000117dc000 	/System/Library/Frameworks/CoreServices.framework/Versions/A/Frameworks/AE.framework/Versions/A/AE
0x00000000117dc000 	/System/Library/Frameworks/CoreServices.framework/Versions/A/Frameworks/LaunchServices.framework/Versions/A/LaunchServices
0x00000000117dc000 	/System/Library/Frameworks/CoreServices.framework/Versions/A/Frameworks/DictionaryServices.framework/Versions/A/DictionaryServices
0x00000000117dc000 	/System/Library/Frameworks/CoreServices.framework/Versions/A/Frameworks/SharedFileList.framework/Versions/A/SharedFileList
0x00000000117dc000 	/System/Library/Frameworks/NetFS.framework/Versions/A/NetFS
0x00000000117dc000 	/System/Library/PrivateFrameworks/NetAuth.framework/Versions/A/NetAuth
0x00000000117dc000 	/System/Library/PrivateFrameworks/login.framework/Versions/A/Frameworks/loginsupport.framework/Versions/A/loginsupport
0x00000000117dc000 	/System/Library/PrivateFrameworks/TCC.framework/Versions/A/TCC
0x00000000117dc000 	/usr/lib/libmecabra.dylib
0x00000000117dc000 	/System/Library/Frameworks/ApplicationServices.framework/Versions/A/Frameworks/ATS.framework/Versions/A/ATS
0x00000000117dc000 	/System/Library/Frameworks/ApplicationServices.framework/Versions/A/Frameworks/ColorSync.framework/Versions/A/ColorSync
0x00000000117dc000 	/System/Library/Frameworks/ApplicationServices.framework/Versions/A/Frameworks/HIServices.framework/Versions/A/HIServices
0x00000000117dc000 	/System/Library/Frameworks/ApplicationServices.framework/Versions/A/Frameworks/LangAnalysis.framework/Versions/A/LangAnalysis
0x00000000117dc000 	/System/Library/Frameworks/ApplicationServices.framework/Versions/A/Frameworks/PrintCore.framework/Versions/A/PrintCore
0x00000000117dc000 	/System/Library/Frameworks/ApplicationServices.framework/Versions/A/Frameworks/QD.framework/Versions/A/QD
0x00000000117dc000 	/System/Library/Frameworks/ApplicationServices.framework/Versions/A/Frameworks/SpeechSynthesis.framework/Versions/A/SpeechSynthesis
0x00000000117dc000 	/System/Library/Frameworks/Accelerate.framework/Versions/A/Frameworks/vImage.framework/Versions/A/vImage
0x00000000117dc000 	/System/Library/Frameworks/Accelerate.framework/Versions/A/Frameworks/vecLib.framework/Versions/A/vecLib
0x00000000117dc000 	/System/Library/Frameworks/Accelerate.framework/Versions/A/Frameworks/vecLib.framework/Versions/A/libvDSP.dylib
0x00000000117dc000 	/System/Library/Frameworks/Accelerate.framework/Versions/A/Frameworks/vecLib.framework/Versions/A/libBNNS.dylib
0x00000000117dc000 	/System/Library/Frameworks/Accelerate.framework/Versions/A/Frameworks/vecLib.framework/Versions/A/libQuadrature.dylib
0x00000000117dc000 	/System/Library/Frameworks/Accelerate.framework/Versions/A/Frameworks/vecLib.framework/Versions/A/libvMisc.dylib
0x00000000117dc000 	/System/Library/Frameworks/Accelerate.framework/Versions/A/Frameworks/vecLib.framework/Versions/A/libLAPACK.dylib
0x00000000117dc000 	/System/Library/Frameworks/Accelerate.framework/Versions/A/Frameworks/vecLib.framework/Versions/A/libBLAS.dylib
0x00000000117dc000 	/System/Library/Frameworks/Accelerate.framework/Versions/A/Frameworks/vecLib.framework/Versions/A/libLinearAlgebra.dylib
0x00000000117dc000 	/System/Library/Frameworks/Accelerate.framework/Versions/A/Frameworks/vecLib.framework/Versions/A/libSparseBLAS.dylib
0x00000000117dc000 	/System/Library/Frameworks/ApplicationServices.framework/Versions/A/Frameworks/ATS.framework/Versions/A/Resources/libFontParser.dylib
0x00000000117dc000 	/System/Library/Frameworks/ApplicationServices.framework/Versions/A/Frameworks/ATS.framework/Versions/A/Resources/libFontRegistry.dylib
0x00000000117dc000 	/System/Library/Frameworks/ImageIO.framework/Versions/A/Resources/libJPEG.dylib
0x00000000117dc000 	/System/Library/Frameworks/ImageIO.framework/Versions/A/Resources/libTIFF.dylib
0x00000000117dc000 	/System/Library/Frameworks/ImageIO.framework/Versions/A/Resources/libPng.dylib
0x00000000117dc000 	/System/Library/Frameworks/ImageIO.framework/Versions/A/Resources/libGIF.dylib
0x00000000117dc000 	/System/Library/Frameworks/ImageIO.framework/Versions/A/Resources/libJP2.dylib
0x00000000117dc000 	/System/Library/Frameworks/ImageIO.framework/Versions/A/Resources/libRadiance.dylib
0x00000000117dc000 	/usr/lib/libcompression.dylib
0x00000000117dc000 	/System/Library/PrivateFrameworks/AppleJPEG.framework/Versions/A/AppleJPEG
0x00000000117dc000 	/usr/lib/libcups.2.dylib
0x00000000117dc000 	/System/Library/Frameworks/Kerberos.framework/Versions/A/Kerberos
0x00000000117dc000 	/System/Library/Frameworks/GSS.framework/Versions/A/GSS
0x00000000117dc000 	/usr/lib/libresolv.9.dylib
0x00000000117dc000 	/usr/lib/libiconv.2.dylib
0x00000000117dc000 	/System/Library/PrivateFrameworks/Heimdal.framework/Versions/A/Heimdal
0x00000000117dc000 	/usr/lib/libheimdal-asn1.dylib
0x00000000117dc000 	/System/Library/Frameworks/OpenDirectory.framework/Versions/A/OpenDirectory
0x00000000117dc000 	/System/Library/PrivateFrameworks/CommonAuth.framework/Versions/A/CommonAuth
0x00000000117dc000 	/System/Library/Frameworks/OpenDirectory.framework/Versions/A/Frameworks/CFOpenDirectory.framework/Versions/A/CFOpenDirectory
0x00000000117dc000 	/System/Library/Frameworks/SecurityFoundation.framework/Versions/A/SecurityFoundation
0x00000000117dc000 	/System/Library/PrivateFrameworks/LanguageModeling.framework/Versions/A/LanguageModeling
0x00000000117dc000 	/usr/lib/libmarisa.dylib
0x00000000117dc000 	/usr/lib/libChineseTokenizer.dylib
0x00000000117dc000 	/usr/lib/libcmph.dylib
0x00000000117dc000 	/System/Library/PrivateFrameworks/CoreEmoji.framework/Versions/A/CoreEmoji
0x00000000117dc000 	/System/Library/Frameworks/ServiceManagement.framework/Versions/A/ServiceManagement
0x00000000117dc000 	/usr/lib/libxslt.1.dylib
0x00000000117dc000 	/System/Library/Frameworks/Carbon.framework/Versions/A/Frameworks/Ink.framework/Versions/A/Ink
0x00000000117dc000 	/System/Library/PrivateFrameworks/TextureIO.framework/Versions/A/TextureIO
0x00000000117dc000 	/System/Library/Frameworks/Metal.framework/Versions/A/Metal
0x00000000117dc000 	/usr/lib/libate.dylib
0x00000000117dc000 	/System/Library/PrivateFrameworks/GPUCompiler.framework/libmetal_timestamp.dylib
0x00000000117dc000 	/System/Library/Frameworks/OpenGL.framework/Versions/A/Libraries/libCoreFSCache.dylib
0x00000000117dc000 	/System/Library/PrivateFrameworks/IOAccelerator.framework/Versions/A/IOAccelerator
0x00000000117dc000 	/System/Library/Frameworks/CoreVideo.framework/Versions/A/CoreVideo
0x00000000117dc000 	/usr/lib/libFosl_dynamic.dylib
0x00000000117dc000 	/System/Library/PrivateFrameworks/MetalPerformanceShaders.framework/Versions/A/MetalPerformanceShaders
0x00000000117dc000 	/System/Library/PrivateFrameworks/FaceCore.framework/Versions/A/FaceCore
0x00000000117dc000 	/System/Library/Frameworks/OpenCL.framework/Versions/A/OpenCL
0x00000000117dc000 	/System/Library/Frameworks/OpenGL.framework/Versions/A/Libraries/libGLU.dylib
0x00000000117dc000 	/System/Library/Frameworks/OpenGL.framework/Versions/A/Libraries/libGFXShared.dylib
0x00000000117dc000 	/System/Library/Frameworks/OpenGL.framework/Versions/A/Libraries/libGL.dylib
0x00000000117dc000 	/System/Library/Frameworks/OpenGL.framework/Versions/A/Libraries/libGLImage.dylib
0x00000000117dc000 	/System/Library/Frameworks/OpenGL.framework/Versions/A/Libraries/libCVMSPluginSupport.dylib
0x00000000117dc000 	/System/Library/Frameworks/OpenGL.framework/Versions/A/Libraries/libCoreVMClient.dylib
0x00000000117dc000 	/System/Library/PrivateFrameworks/CrashReporterSupport.framework/Versions/A/CrashReporterSupport
0x00000000117dc000 	/System/Library/PrivateFrameworks/Sharing.framework/Versions/A/Sharing
0x00000000117dc000 	/System/Library/PrivateFrameworks/IconServices.framework/Versions/A/IconServices
0x00000000117dc000 	/System/Library/PrivateFrameworks/ProtocolBuffer.framework/Versions/A/ProtocolBuffer
0x00000000117dc000 	/System/Library/PrivateFrameworks/Apple80211.framework/Versions/A/Apple80211
0x00000000117dc000 	/System/Library/Frameworks/CoreWLAN.framework/Versions/A/CoreWLAN
0x00000000117dc000 	/System/Library/PrivateFrameworks/CoreUtils.framework/Versions/A/CoreUtils
0x00000000117dc000 	/System/Library/Frameworks/IOBluetooth.framework/Versions/A/IOBluetooth
0x00000000117dc000 	/System/Library/PrivateFrameworks/CoreWiFi.framework/Versions/A/CoreWiFi
0x00000000117dc000 	/System/Library/Frameworks/CoreBluetooth.framework/Versions/A/CoreBluetooth
0x00000000117dc000 	/System/Library/Frameworks/CoreDisplay.framework/Versions/A/CoreDisplay
0x00000000117dc000 	/System/Library/PrivateFrameworks/IOPresentment.framework/Versions/A/IOPresentment
0x00000000117dc000 	/System/Library/PrivateFrameworks/DSExternalDisplay.framework/Versions/A/DSExternalDisplay
0x00000000117dc000 	/System/Library/PrivateFrameworks/DebugSymbols.framework/Versions/A/DebugSymbols
0x00000000117dc000 	/System/Library/PrivateFrameworks/CoreSymbolication.framework/Versions/A/CoreSymbolication
0x00000000117dc000 	/System/Library/PrivateFrameworks/Symbolication.framework/Versions/A/Symbolication
0x00000000117dc000 	/System/Library/PrivateFrameworks/AppleFSCompression.framework/Versions/A/AppleFSCompression
0x00000000117dc000 	/System/Library/PrivateFrameworks/SpeechRecognitionCore.framework/Versions/A/SpeechRecognitionCore
0x00000000117dc000 	/System/Library/PrivateFrameworks/ChunkingLibrary.framework/Versions/A/ChunkingLibrary
0x000000010a800000 	/Library/Java/JavaVirtualMachines/jdk1.8.0_40.jdk/Contents/Home/jre/lib/server/libjvm.dylib
0x000000010b769000 	/usr/lib/libstdc++.6.dylib
0x0000000109751000 	/Library/Java/JavaVirtualMachines/jdk1.8.0_40.jdk/Contents/Home/jre/lib/libverify.dylib
0x000000010975f000 	/Library/Java/JavaVirtualMachines/jdk1.8.0_40.jdk/Contents/Home/jre/lib/libjava.dylib
0x0000000109795000 	/Library/Java/JavaVirtualMachines/jdk1.8.0_40.jdk/Contents/Home/jre/lib/libjdwp.dylib
0x00000001097e0000 	/Library/Java/JavaVirtualMachines/jdk1.8.0_40.jdk/Contents/Home/jre/lib/libnpt.dylib
0x00000001097ed000 	/Library/Java/JavaVirtualMachines/jdk1.8.0_40.jdk/Contents/Home/jre/lib/libzip.dylib
0x000000010f8d7000 	/System/Library/Frameworks/JavaVM.framework/Frameworks/JavaRuntimeSupport.framework/JavaRuntimeSupport
0x000000010f8f1000 	/System/Library/Frameworks/JavaVM.framework/Versions/A/Frameworks/JavaNativeFoundation.framework/Versions/A/JavaNativeFoundation
0x000000010f906000 	/System/Library/Frameworks/JavaVM.framework/Versions/A/JavaVM
0x00000000117dc000 	/System/Library/Frameworks/Carbon.framework/Versions/A/Carbon
0x000000010f913000 	/System/Library/PrivateFrameworks/JavaLaunching.framework/Versions/A/JavaLaunching
0x00000000117dc000 	/System/Library/Frameworks/Carbon.framework/Versions/A/Frameworks/CommonPanels.framework/Versions/A/CommonPanels
0x00000000117dc000 	/System/Library/Frameworks/Carbon.framework/Versions/A/Frameworks/Help.framework/Versions/A/Help
0x00000000117dc000 	/System/Library/Frameworks/Carbon.framework/Versions/A/Frameworks/ImageCapture.framework/Versions/A/ImageCapture
0x00000000117dc000 	/System/Library/Frameworks/Carbon.framework/Versions/A/Frameworks/OpenScripting.framework/Versions/A/OpenScripting
0x00000000117dc000 	/System/Library/Frameworks/Carbon.framework/Versions/A/Frameworks/Print.framework/Versions/A/Print
0x00000000117dc000 	/System/Library/Frameworks/Carbon.framework/Versions/A/Frameworks/SecurityHI.framework/Versions/A/SecurityHI
0x0000000111218000 	/Library/Java/JavaVirtualMachines/jdk1.8.0_40.jdk/Contents/Home/jre/lib/libdt_socket.dylib

VM Arguments:
jvm_args: -agentlib:jdwp=transport=dt_socket,address=127.0.0.1:58346,suspend=y,server=n -Dfile.encoding=UTF-8 
java_command: artur.week3.Task4
java_class_path (initial): /Library/Java/JavaVirtualMachines/jdk1.8.0_40.jdk/Contents/Home/lib/ant-javafx.jar:/Library/Java/JavaVirtualMachines/jdk1.8.0_40.jdk/Contents/Home/lib/dt.jar:/Library/Java/JavaVirtualMachines/jdk1.8.0_40.jdk/Contents/Home/lib/javafx-mx.jar:/Library/Java/JavaVirtualMachines/jdk1.8.0_40.jdk/Contents/Home/lib/jconsole.jar:/Library/Java/JavaVirtualMachines/jdk1.8.0_40.jdk/Contents/Home/lib/packager.jar:/Library/Java/JavaVirtualMachines/jdk1.8.0_40.jdk/Contents/Home/lib/sa-jdi.jar:/Library/Java/JavaVirtualMachines/jdk1.8.0_40.jdk/Contents/Home/lib/tools.jar:/Library/Java/JavaVirtualMachines/jdk1.8.0_40.jdk/Contents/Home/jre/lib/charsets.jar:/Library/Java/JavaVirtualMachines/jdk1.8.0_40.jdk/Contents/Home/jre/lib/deploy.jar:/Library/Java/JavaVirtualMachines/jdk1.8.0_40.jdk/Contents/Home/jre/lib/javaws.jar:/Library/Java/JavaVirtualMachines/jdk1.8.0_40.jdk/Contents/Home/jre/lib/jce.jar:/Library/Java/JavaVirtualMachines/jdk1.8.0_40.jdk/Contents/Home/jre/lib/jfr.jar:/Library/Java/JavaVirtualMachines/jdk1.8.0_40.jdk/Contents/Home/jre/lib/jfxswt.jar:/Library/Java/JavaVirtualMachines/jdk1.8.0_40.jdk/Contents/Home/jre/lib/jsse.jar:/Library/Java/JavaVirtualMachines/jdk1.8.0_40.jdk/Contents/Home/jre/lib/management-agent.jar:/Library/Java/JavaVirtualMachines/jdk1.8.0_40.jdk/Contents/Home/jre/lib/plugin.jar:/Library/Java/JavaVirtualMachines/jdk1.8.0_40.jdk/Contents/Home/jre/lib/resources.jar:/Library/Java/JavaVirtualMachines/jdk1.8.0_40.jdk/Contents/Home/jre/lib/rt.jar:/Library/Java/JavaVirtualMachines/jdk1.8.0_40.jdk/Contents/Home/jre/lib/ext/cldrdata.jar:/Library/Java/JavaVirtualMachines/jdk1.8.0_40.jdk/Contents/Home/jre/lib/ext/dnsns.jar:/Library/Java/JavaVirtualMachines/jdk1.8.0_40.jdk/Contents/Home/jre/lib/ext/jfxrt.jar:/Library/Java/JavaVirtualMachines/jdk1.8.0_40.jdk/Contents/Home/jre/lib/ext/localedata.jar:/Library/Java/JavaVirtualMachines/jdk1.8.0_40.jdk/Contents/Home/jre/lib/ext/nashorn.jar:/Library/Java/JavaVirtualMachines/jdk1.8.0_40.jdk/Conten
Launcher Type: SUN_STANDARD

Environment Variables:
PATH=/usr/local/bin:/usr/bin:/bin:/usr/sbin:/sbin:/opt/X11/bin:/Library/TeX/texbin
SHELL=/bin/zsh
DISPLAY=/private/tmp/com.apple.launchd.udJnulanYV/org.macosforge.xquartz:0

Signal Handlers:
SIGSEGV: [libjvm.dylib+0x58ef95], sa_mask[0]=11111111011111110111111111111111, sa_flags=SA_ONSTACK|SA_RESTART|SA_SIGINFO
SIGBUS: [libjvm.dylib+0x58ef95], sa_mask[0]=11111111011111110111111111111111, sa_flags=SA_RESTART|SA_SIGINFO
SIGFPE: [libjvm.dylib+0x46c118], sa_mask[0]=11111111011111110111111111111111, sa_flags=SA_RESTART|SA_SIGINFO
SIGPIPE: [libjvm.dylib+0x46c118], sa_mask[0]=11111111011111110111111111111111, sa_flags=SA_RESTART|SA_SIGINFO
SIGXFSZ: [libjvm.dylib+0x46c118], sa_mask[0]=11111111011111110111111111111111, sa_flags=SA_RESTART|SA_SIGINFO
SIGILL: [libjvm.dylib+0x46c118], sa_mask[0]=11111111011111110111111111111111, sa_flags=SA_RESTART|SA_SIGINFO
SIGUSR1: SIG_DFL, sa_mask[0]=00000000000000000000000000000000, sa_flags=none
SIGUSR2: [libjvm.dylib+0x46bc36], sa_mask[0]=00100000000000000000000000000000, sa_flags=SA_RESTART|SA_SIGINFO
SIGHUP: [libjvm.dylib+0x46a209], sa_mask[0]=11111111011111110111111111111111, sa_flags=SA_RESTART|SA_SIGINFO
SIGINT: [libjvm.dylib+0x46a209], sa_mask[0]=11111111011111110111111111111111, sa_flags=SA_RESTART|SA_SIGINFO
SIGTERM: [libjvm.dylib+0x46a209], sa_mask[0]=11111111011111110111111111111111, sa_flags=SA_RESTART|SA_SIGINFO
SIGQUIT: [libjvm.dylib+0x46a209], sa_mask[0]=11111111011111110111111111111111, sa_flags=SA_RESTART|SA_SIGINFO


---------------  S Y S T E M  ---------------

OS:Bsduname:Darwin 16.5.0 Darwin Kernel Version 16.5.0: Fri Mar  3 16:52:33 PST 2017; root:xnu-3789.51.2~3/RELEASE_X86_64 x86_64
rlimit: STACK 8192k, CORE 0k, NPROC 709, NOFILE 10240, AS infinity
load average:3.14 2.77 2.50

CPU:total 8 (4 cores per cpu, 2 threads per core) family 6 model 70 stepping 1, cmov, cx8, fxsr, mmx, sse, sse2, sse3, ssse3, sse4.1, sse4.2, popcnt, avx, avx2, aes, clmul, erms, lzcnt, ht, tsc, tscinvbit, bmi1, bmi2

Memory: 4k page, physical 16777216k(1486712k free)

/proc/meminfo:


vm_info: Java HotSpot(TM) 64-Bit Server VM (25.40-b25) for bsd-amd64 JRE (1.8.0_40-b25), built on Feb 10 2015 21:07:25 by "java_re" with gcc 4.2.1 (Based on Apple Inc. build 5658) (LLVM build 2336.11.00)

time: Mon Apr 10 00:33:04 2017
elapsed time: 186 seconds (0d 0h 3m 6s)

