#
# A fatal error has been detected by the Java Runtime Environment:
#
#  SIGSEGV (0xb) at pc=0x0000000110e32d20, pid=55324, tid=19203
#
# JRE version: Java(TM) SE Runtime Environment (8.0_40-b25) (build 1.8.0_40-b25)
# Java VM: Java HotSpot(TM) 64-Bit Server VM (25.40-b25 mixed mode bsd-amd64 compressed oops)
# Problematic frame:
# V  [libjvm.dylib+0x432d20]  Method::checked_resolve_jmethod_id(_jmethodID*)+0xe
#
# Failed to write core dump. Core dumps have been disabled. To enable core dumping, try "ulimit -c unlimited" before starting Java again
#
# If you would like to submit a bug report, please visit:
#   http://bugreport.java.com/bugreport/crash.jsp
#

---------------  T H R E A D  ---------------

Current thread (0x00007ffd89834800):  JavaThread "JDWP Transport Listener: dt_socket" daemon [_thread_in_vm, id=19203, stack(0x0000700010a65000,0x0000700010b65000)]

siginfo: si_signo: 11 (SIGSEGV), si_code: 0 (unknown), si_addr: 0x0000000000000000

Registers:
RAX=0x0000000000000001, RBX=0x0000700010b64a8b, RCX=0x00000001111fa190, RDX=0x0000700010b64a8b
RSP=0x0000700010b649d0, RBP=0x0000700010b649e0, RSI=0x00007ffd89834800, RDI=0x1000000000000000
R8 =0x0000000000000001, R9 =0x0000000000000000, R10=0x0000000000000001, R11=0x0000000000000002
R12=0x00007ffd89834800, R13=0x1000000000000000, R14=0x1000000000000000, R15=0x00007ffd88e024f0
RIP=0x0000000110e32d20, EFLAGS=0x0000000000010206, ERR=0x0000000000000000
  TRAPNO=0x000000000000000d

Top of Stack: (sp=0x0000700010b649d0)
0x0000700010b649d0:   0000700010b64a8b 0000700010b64a8b
0x0000700010b649e0:   0000700010b64a40 0000000110d4311a
0x0000700010b649f0:   00007ffd89834800 0000000000000000
0x0000700010b64a00:   0000000000000000 0000000000000000
0x0000700010b64a10:   00007ffd89834800 00007ffd89834800
0x0000700010b64a20:   0000700010b64a8b 0000700010b64a90
0x0000700010b64a30:   1000000000000000 0000000000000005
0x0000700010b64a40:   0000700010b64a60 000000010f9b8780
0x0000700010b64a50:   0000000000000001 0000700010b64b08
0x0000700010b64a60:   0000700010b64ad0 000000010f99d1f3
0x0000700010b64a70:   0000700010b64aa0 00007ffd88d26fb0
0x0000700010b64a80:   0000000600000032 0000000a00b64b08
0x0000700010b64a90:   0000000000000000 0000000000000000
0x0000700010b64aa0:   0000000000000000 0000700010b64c90
0x0000700010b64ab0:   000000010f9bfe7a 00007ffd88d2bc40
0x0000700010b64ac0:   0000700010b64b08 000000010f9cb598
0x0000700010b64ad0:   0000700010b64ae0 000000010f99d2ec
0x0000700010b64ae0:   0000700010b64d00 000000010f9a6898
0x0000700010b64af0:   000653c100000013 00000000000f0200
0x0000700010b64b00:   00007ffd88d2aec0 0000700010b64c57
0x0000700010b64b10:   00007ffd0000002d 0000700010b64b20
0x0000700010b64b20:   00007ffd000000ff 0000700010b64b58
0x0000700010b64b30:   0000000000000000 0000000000000000
0x0000700010b64b40:   000653c10000000f 00007ffd00007580
0x0000700010b64b50:   0000700010b64b58 fd7f000006000000
0x0000700010b64b60:   06000000306ac188 00003e74696e693c
0x0000700010b64b70:   0000005629280300 7f00000100000000
0x0000700010b64b80:   000000406ac188fd 75706e4977656e08
0x0000700010b64b90:   4c29282100000074 65772f7275747261
0x0000700010b64ba0:   6b7361542f326b65 6353747361462437
0x0000700010b64bb0:   00003b72656e6e61 0000080000000000
0x0000700010b64bc0:   0000486ac188fd7f 74754f77656e0900 

Instructions: (pc=0x0000000110e32d20)
0x0000000110e32d00:   40 48 48 85 c0 75 e0 30 c0 0f b6 c0 5d c3 31 c0
0x0000000110e32d10:   5d c3 55 48 89 e5 53 48 83 ec 08 48 85 ff 74 24
0x0000000110e32d20:   48 8b 1f 48 85 db 74 1c 48 83 fb 37 74 16 48 8b
0x0000000110e32d30:   03 48 89 df ff 50 10 84 c0 b8 00 00 00 00 48 0f 

Register to memory mapping:

RAX=0x0000000000000001 is an unknown value
RBX=0x0000700010b64a8b is pointing into the stack for thread: 0x00007ffd89834800
RCX=0x00000001111fa190: UseMembar+0 in /Library/Java/JavaVirtualMachines/jdk1.8.0_40.jdk/Contents/Home/jre/lib/server/libjvm.dylib at 0x0000000110a00000
RDX=0x0000700010b64a8b is pointing into the stack for thread: 0x00007ffd89834800
RSP=0x0000700010b649d0 is pointing into the stack for thread: 0x00007ffd89834800
RBP=0x0000700010b649e0 is pointing into the stack for thread: 0x00007ffd89834800
RSI=0x00007ffd89834800 is a thread
RDI=0x1000000000000000 is an unknown value
R8 =0x0000000000000001 is an unknown value
R9 =0x0000000000000000 is an unknown value
R10=0x0000000000000001 is an unknown value
R11=0x0000000000000002 is an unknown value
R12=0x00007ffd89834800 is a thread
R13=0x1000000000000000 is an unknown value
R14=0x1000000000000000 is an unknown value
R15=0x00007ffd88e024f0 is an unknown value


Stack: [0x0000700010a65000,0x0000700010b65000],  sp=0x0000700010b649d0,  free space=1022k
Native frames: (J=compiled Java code, j=interpreted, Vv=VM code, C=native code)
V  [libjvm.dylib+0x432d20]  Method::checked_resolve_jmethod_id(_jmethodID*)+0xe
V  [libjvm.dylib+0x34311a]  jvmti_IsMethodSynthetic+0xb2
C  [libjdwp.dylib+0x20780]  isMethodSynthetic+0x63
C  [libjdwp.dylib+0x51f3]  methods1+0x10b
C  [libjdwp.dylib+0x52ec]  methodsWithGeneric+0xe
C  [libjdwp.dylib+0xe898]  debugLoop_run+0x1ce
C  [libjdwp.dylib+0x1f6ba]  attachThread+0x4d
V  [libjvm.dylib+0x384060]  JvmtiAgentThread::call_start_function()+0x38
V  [libjvm.dylib+0x549acf]  JavaThread::thread_main_inner()+0x9b
V  [libjvm.dylib+0x54b1c0]  JavaThread::run()+0x1c2
V  [libjvm.dylib+0x46ea8e]  java_start(Thread*)+0xf6
C  [libsystem_pthread.dylib+0x3aab]  _pthread_body+0xb4
C  [libsystem_pthread.dylib+0x39f7]  _pthread_body+0x0
C  [libsystem_pthread.dylib+0x31fd]  thread_start+0xd
C  0x0000000000000000


---------------  P R O C E S S  ---------------

Java Threads: ( => current thread )
  0x00007ffd8a00f000 JavaThread "Service Thread" daemon [_thread_blocked, id=22787, stack(0x000070001117a000,0x000070001127a000)]
  0x00007ffd8d001000 JavaThread "C1 CompilerThread3" daemon [_thread_blocked, id=22275, stack(0x0000700011077000,0x0000700011177000)]
  0x00007ffd8d000000 JavaThread "C2 CompilerThread2" daemon [_thread_blocked, id=21763, stack(0x0000700010f74000,0x0000700011074000)]
  0x00007ffd8c009000 JavaThread "C2 CompilerThread1" daemon [_thread_blocked, id=21251, stack(0x0000700010e71000,0x0000700010f71000)]
  0x00007ffd8c008800 JavaThread "C2 CompilerThread0" daemon [_thread_blocked, id=20739, stack(0x0000700010d6e000,0x0000700010e6e000)]
  0x00007ffd8b801000 JavaThread "JDWP Command Reader" daemon [_thread_in_native, id=20227, stack(0x0000700010c6b000,0x0000700010d6b000)]
  0x00007ffd8b800000 JavaThread "JDWP Event Helper Thread" daemon [_thread_blocked, id=19715, stack(0x0000700010b68000,0x0000700010c68000)]
=>0x00007ffd89834800 JavaThread "JDWP Transport Listener: dt_socket" daemon [_thread_in_vm, id=19203, stack(0x0000700010a65000,0x0000700010b65000)]
  0x00007ffd89832000 JavaThread "Signal Dispatcher" daemon [_thread_blocked, id=18691, stack(0x0000700010962000,0x0000700010a62000)]
  0x00007ffd8b011000 JavaThread "Finalizer" daemon [_thread_blocked, id=14595, stack(0x000070001085f000,0x000070001095f000)]
  0x00007ffd89037800 JavaThread "Reference Handler" daemon [_thread_blocked, id=14083, stack(0x000070001075c000,0x000070001085c000)]
  0x00007ffd8b001800 JavaThread "main" [_thread_blocked, id=7171, stack(0x000070000fd3e000,0x000070000fe3e000)]

Other Threads:
  0x00007ffd89037000 VMThread [stack: 0x0000700010659000,0x0000700010759000] [id=13571]
  0x00007ffd8b801800 WatcherThread [stack: 0x000070001127d000,0x000070001137d000] [id=23299]

VM state:not at safepoint (normal execution)

VM Mutex/Monitor currently owned by a thread: None

Heap:
 PSYoungGen      total 76288K, used 5243K [0x000000076ab00000, 0x0000000770000000, 0x00000007c0000000)
  eden space 65536K, 8% used [0x000000076ab00000,0x000000076b01ec70,0x000000076eb00000)
  from space 10752K, 0% used [0x000000076f580000,0x000000076f580000,0x0000000770000000)
  to   space 10752K, 0% used [0x000000076eb00000,0x000000076eb00000,0x000000076f580000)
 ParOldGen       total 175104K, used 0K [0x00000006c0000000, 0x00000006cab00000, 0x000000076ab00000)
  object space 175104K, 0% used [0x00000006c0000000,0x00000006c0000000,0x00000006cab00000)
 Metaspace       used 2859K, capacity 4564K, committed 4864K, reserved 1056768K
  class space    used 305K, capacity 388K, committed 512K, reserved 1048576K

Card table byte_map: [0x0000000111d29000,0x000000011252a000] byte_map_base: 0x000000010e729000

Marking Bits: (ParMarkBitMap*) 0x00000001112c27a0
 Begin Bits: [0x0000000112a80000, 0x0000000116a80000)
 End Bits:   [0x0000000116a80000, 0x000000011aa80000)

Polling page: 0x000000010f997000

CodeCache: size=245760Kb used=1201Kb max_used=1201Kb free=244558Kb
 bounds [0x000000011d826000, 0x000000011da96000, 0x000000012c826000]
 total_blobs=309 nmethods=77 adapters=154
 compilation: enabled

Compilation events (10 events):
Event: 0.150 Thread 0x00007ffd8d001000   73       3       java.lang.StringBuilder::<init> (7 bytes)
Event: 0.150 Thread 0x00007ffd8d001000 nmethod 73 0x000000011d951010 code [0x000000011d951180, 0x000000011d951430]
Event: 0.150 Thread 0x00007ffd8d001000   74       3       java.lang.StringBuilder::toString (17 bytes)
Event: 0.150 Thread 0x00007ffd8d001000 nmethod 74 0x000000011d951550 code [0x000000011d9516c0, 0x000000011d9518c8]
Event: 0.150 Thread 0x00007ffd8d001000   75       3       java.lang.String::hashCode (55 bytes)
Event: 0.150 Thread 0x00007ffd8d001000 nmethod 75 0x000000011d951990 code [0x000000011d951b00, 0x000000011d951d90]
Event: 0.154 Thread 0x00007ffd8d001000   76       3       java.lang.String::startsWith (7 bytes)
Event: 0.154 Thread 0x00007ffd8d001000 nmethod 76 0x000000011d951e90 code [0x000000011d952000, 0x000000011d952228]
Event: 0.154 Thread 0x00007ffd8d001000   77       3       java.util.Arrays::copyOf (19 bytes)
Event: 0.154 Thread 0x00007ffd8d001000 nmethod 77 0x000000011d9522d0 code [0x000000011d952460, 0x000000011d952788]

GC Heap History (0 events):
No events

Deoptimization events (1 events):
Event: 0.147 Thread 0x00007ffd8b001800 Uncommon trap: reason=unstable_if action=reinterpret pc=0x000000011d94cecc method=java.lang.String.hashCode()I @ 14

Internal exceptions (10 events):
Event: 0.135 Thread 0x00007ffd8b001800 Exception <a 'java/security/PrivilegedActionException'> (0x000000076abe3398) thrown at [/Users/java_re/workspace/8-2-build-macosx-x86_64/jdk8u40/2855/hotspot/src/share/vm/prims/jvm.cpp, line 1382]
Event: 0.135 Thread 0x00007ffd8b001800 Exception <a 'java/util/zip/ZipException'> (0x000000076abe40c0) thrown at [/Users/java_re/workspace/8-2-build-macosx-x86_64/jdk8u40/2855/hotspot/src/share/vm/prims/jni.cpp, line 709]
Event: 0.135 Thread 0x00007ffd8b001800 Exception <a 'java/security/PrivilegedActionException'> (0x000000076abe4270) thrown at [/Users/java_re/workspace/8-2-build-macosx-x86_64/jdk8u40/2855/hotspot/src/share/vm/prims/jvm.cpp, line 1382]
Event: 0.135 Thread 0x00007ffd8b001800 Exception <a 'java/security/PrivilegedActionException'> (0x000000076abe4428) thrown at [/Users/java_re/workspace/8-2-build-macosx-x86_64/jdk8u40/2855/hotspot/src/share/vm/prims/jvm.cpp, line 1382]
Event: 0.136 Thread 0x00007ffd8b001800 Exception <a 'java/util/zip/ZipException'> (0x000000076abe5150) thrown at [/Users/java_re/workspace/8-2-build-macosx-x86_64/jdk8u40/2855/hotspot/src/share/vm/prims/jni.cpp, line 709]
Event: 0.136 Thread 0x00007ffd8b001800 Exception <a 'java/security/PrivilegedActionException'> (0x000000076abe5300) thrown at [/Users/java_re/workspace/8-2-build-macosx-x86_64/jdk8u40/2855/hotspot/src/share/vm/prims/jvm.cpp, line 1382]
Event: 0.136 Thread 0x00007ffd8b001800 Exception <a 'java/security/PrivilegedActionException'> (0x000000076abe54b8) thrown at [/Users/java_re/workspace/8-2-build-macosx-x86_64/jdk8u40/2855/hotspot/src/share/vm/prims/jvm.cpp, line 1382]
Event: 0.139 Thread 0x00007ffd8b001800 Exception <a 'java/util/zip/ZipException'> (0x000000076abf6f98) thrown at [/Users/java_re/workspace/8-2-build-macosx-x86_64/jdk8u40/2855/hotspot/src/share/vm/prims/jni.cpp, line 709]
Event: 0.139 Thread 0x00007ffd8b001800 Exception <a 'java/security/PrivilegedActionException'> (0x000000076abf7148) thrown at [/Users/java_re/workspace/8-2-build-macosx-x86_64/jdk8u40/2855/hotspot/src/share/vm/prims/jvm.cpp, line 1382]
Event: 0.139 Thread 0x00007ffd8b001800 Exception <a 'java/security/PrivilegedActionException'> (0x000000076abf7300) thrown at [/Users/java_re/workspace/8-2-build-macosx-x86_64/jdk8u40/2855/hotspot/src/share/vm/prims/jvm.cpp, line 1382]

Events (10 events):
Event: 49.948 Executing VM operation: GetOrSetLocal
Event: 49.948 Executing VM operation: GetOrSetLocal done
Event: 49.948 Executing VM operation: GetOrSetLocal
Event: 49.948 Executing VM operation: GetOrSetLocal done
Event: 186.933 Executing VM operation: ChangeBreakpoints
Event: 186.933 Executing VM operation: ChangeBreakpoints done
Event: 186.933 Executing VM operation: ChangeBreakpoints
Event: 186.933 Executing VM operation: ChangeBreakpoints done
Event: 186.938 Executing VM operation: RedefineClasses
Event: 186.940 Executing VM operation: RedefineClasses done


Dynamic libraries:
0x0000000009210000 	/System/Library/Frameworks/Cocoa.framework/Versions/A/Cocoa
0x0000000009210000 	/System/Library/Frameworks/Security.framework/Versions/A/Security
0x0000000009210000 	/System/Library/Frameworks/ApplicationServices.framework/Versions/A/ApplicationServices
0x0000000009210000 	/usr/lib/libz.1.dylib
0x0000000009210000 	/usr/lib/libSystem.B.dylib
0x0000000009210000 	/usr/lib/libobjc.A.dylib
0x0000000009210000 	/System/Library/Frameworks/CoreFoundation.framework/Versions/A/CoreFoundation
0x0000000009210000 	/System/Library/Frameworks/Foundation.framework/Versions/C/Foundation
0x0000000009210000 	/System/Library/Frameworks/AppKit.framework/Versions/C/AppKit
0x0000000009210000 	/System/Library/Frameworks/CoreData.framework/Versions/A/CoreData
0x0000000009210000 	/System/Library/PrivateFrameworks/RemoteViewServices.framework/Versions/A/RemoteViewServices
0x0000000009210000 	/System/Library/PrivateFrameworks/UIFoundation.framework/Versions/A/UIFoundation
0x0000000009210000 	/System/Library/PrivateFrameworks/DFRFoundation.framework/Versions/A/DFRFoundation
0x0000000009210000 	/usr/lib/libenergytrace.dylib
0x0000000009210000 	/System/Library/PrivateFrameworks/SkyLight.framework/Versions/A/SkyLight
0x0000000009210000 	/System/Library/Frameworks/CoreGraphics.framework/Versions/A/CoreGraphics
0x0000000009210000 	/usr/lib/libScreenReader.dylib
0x0000000009210000 	/System/Library/Frameworks/Accelerate.framework/Versions/A/Accelerate
0x0000000009210000 	/System/Library/Frameworks/IOSurface.framework/Versions/A/IOSurface
0x0000000009210000 	/System/Library/Frameworks/AudioToolbox.framework/Versions/A/AudioToolbox
0x0000000009210000 	/System/Library/Frameworks/AudioUnit.framework/Versions/A/AudioUnit
0x0000000009210000 	/System/Library/PrivateFrameworks/DataDetectorsCore.framework/Versions/A/DataDetectorsCore
0x0000000009210000 	/System/Library/PrivateFrameworks/DesktopServicesPriv.framework/Versions/A/DesktopServicesPriv
0x0000000009210000 	/System/Library/Frameworks/Carbon.framework/Versions/A/Frameworks/HIToolbox.framework/Versions/A/HIToolbox
0x0000000009210000 	/usr/lib/libicucore.A.dylib
0x0000000009210000 	/System/Library/Frameworks/QuartzCore.framework/Versions/A/QuartzCore
0x0000000009210000 	/System/Library/Frameworks/Carbon.framework/Versions/A/Frameworks/SpeechRecognition.framework/Versions/A/SpeechRecognition
0x0000000009210000 	/usr/lib/libauto.dylib
0x0000000009210000 	/usr/lib/libxml2.2.dylib
0x0000000009210000 	/System/Library/PrivateFrameworks/CoreUI.framework/Versions/A/CoreUI
0x0000000009210000 	/System/Library/Frameworks/CoreAudio.framework/Versions/A/CoreAudio
0x0000000009210000 	/System/Library/Frameworks/DiskArbitration.framework/Versions/A/DiskArbitration
0x0000000009210000 	/usr/lib/liblangid.dylib
0x0000000009210000 	/System/Library/PrivateFrameworks/MultitouchSupport.framework/Versions/A/MultitouchSupport
0x0000000009210000 	/System/Library/Frameworks/IOKit.framework/Versions/A/IOKit
0x0000000009210000 	/usr/lib/libDiagnosticMessagesClient.dylib
0x0000000009210000 	/System/Library/Frameworks/CoreServices.framework/Versions/A/CoreServices
0x0000000009210000 	/System/Library/PrivateFrameworks/PerformanceAnalysis.framework/Versions/A/PerformanceAnalysis
0x0000000009210000 	/System/Library/PrivateFrameworks/GenerationalStorage.framework/Versions/A/GenerationalStorage
0x0000000009210000 	/System/Library/Frameworks/OpenGL.framework/Versions/A/OpenGL
0x0000000009210000 	/System/Library/Frameworks/CoreImage.framework/Versions/A/CoreImage
0x0000000009210000 	/System/Library/Frameworks/CoreText.framework/Versions/A/CoreText
0x0000000009210000 	/System/Library/Frameworks/ImageIO.framework/Versions/A/ImageIO
0x0000000009210000 	/System/Library/PrivateFrameworks/Backup.framework/Versions/A/Backup
0x0000000009210000 	/usr/lib/libarchive.2.dylib
0x0000000009210000 	/System/Library/Frameworks/CFNetwork.framework/Versions/A/CFNetwork
0x0000000009210000 	/System/Library/Frameworks/SystemConfiguration.framework/Versions/A/SystemConfiguration
0x0000000009210000 	/usr/lib/libCRFSuite.dylib
0x0000000009210000 	/usr/lib/libc++.1.dylib
0x0000000009210000 	/usr/lib/libc++abi.dylib
0x0000000009210000 	/usr/lib/system/libcache.dylib
0x0000000009210000 	/usr/lib/system/libcommonCrypto.dylib
0x0000000009210000 	/usr/lib/system/libcompiler_rt.dylib
0x0000000009210000 	/usr/lib/system/libcopyfile.dylib
0x0000000009210000 	/usr/lib/system/libcorecrypto.dylib
0x0000000009210000 	/usr/lib/system/libdispatch.dylib
0x0000000009210000 	/usr/lib/system/libdyld.dylib
0x0000000009210000 	/usr/lib/system/libkeymgr.dylib
0x0000000009210000 	/usr/lib/system/liblaunch.dylib
0x0000000009210000 	/usr/lib/system/libmacho.dylib
0x0000000009210000 	/usr/lib/system/libquarantine.dylib
0x0000000009210000 	/usr/lib/system/libremovefile.dylib
0x0000000009210000 	/usr/lib/system/libsystem_asl.dylib
0x0000000009210000 	/usr/lib/system/libsystem_blocks.dylib
0x0000000009210000 	/usr/lib/system/libsystem_c.dylib
0x0000000009210000 	/usr/lib/system/libsystem_configuration.dylib
0x0000000009210000 	/usr/lib/system/libsystem_coreservices.dylib
0x0000000009210000 	/usr/lib/system/libsystem_coretls.dylib
0x0000000009210000 	/usr/lib/system/libsystem_dnssd.dylib
0x0000000009210000 	/usr/lib/system/libsystem_info.dylib
0x0000000009210000 	/usr/lib/system/libsystem_kernel.dylib
0x0000000009210000 	/usr/lib/system/libsystem_m.dylib
0x0000000009210000 	/usr/lib/system/libsystem_malloc.dylib
0x0000000009210000 	/usr/lib/system/libsystem_network.dylib
0x0000000009210000 	/usr/lib/system/libsystem_networkextension.dylib
0x0000000009210000 	/usr/lib/system/libsystem_notify.dylib
0x0000000009210000 	/usr/lib/system/libsystem_platform.dylib
0x0000000009210000 	/usr/lib/system/libsystem_pthread.dylib
0x0000000009210000 	/usr/lib/system/libsystem_sandbox.dylib
0x0000000009210000 	/usr/lib/system/libsystem_secinit.dylib
0x0000000009210000 	/usr/lib/system/libsystem_symptoms.dylib
0x0000000009210000 	/usr/lib/system/libsystem_trace.dylib
0x0000000009210000 	/usr/lib/system/libunwind.dylib
0x0000000009210000 	/usr/lib/system/libxpc.dylib
0x0000000009210000 	/usr/lib/libbsm.0.dylib
0x0000000009210000 	/usr/lib/system/libkxld.dylib
0x0000000009210000 	/usr/lib/libcoretls.dylib
0x0000000009210000 	/usr/lib/libcoretls_cfhelpers.dylib
0x0000000009210000 	/usr/lib/libxar.1.dylib
0x0000000009210000 	/usr/lib/libsqlite3.dylib
0x0000000009210000 	/usr/lib/libpam.2.dylib
0x0000000009210000 	/usr/lib/libOpenScriptingUtil.dylib
0x0000000009210000 	/usr/lib/libbz2.1.0.dylib
0x0000000009210000 	/usr/lib/liblzma.5.dylib
0x0000000009210000 	/usr/lib/libnetwork.dylib
0x0000000009210000 	/usr/lib/libpcap.A.dylib
0x0000000009210000 	/System/Library/Frameworks/CoreServices.framework/Versions/A/Frameworks/FSEvents.framework/Versions/A/FSEvents
0x0000000009210000 	/System/Library/Frameworks/CoreServices.framework/Versions/A/Frameworks/CarbonCore.framework/Versions/A/CarbonCore
0x0000000009210000 	/System/Library/Frameworks/CoreServices.framework/Versions/A/Frameworks/Metadata.framework/Versions/A/Metadata
0x0000000009210000 	/System/Library/Frameworks/CoreServices.framework/Versions/A/Frameworks/OSServices.framework/Versions/A/OSServices
0x0000000009210000 	/System/Library/Frameworks/CoreServices.framework/Versions/A/Frameworks/SearchKit.framework/Versions/A/SearchKit
0x0000000009210000 	/System/Library/Frameworks/CoreServices.framework/Versions/A/Frameworks/AE.framework/Versions/A/AE
0x0000000009210000 	/System/Library/Frameworks/CoreServices.framework/Versions/A/Frameworks/LaunchServices.framework/Versions/A/LaunchServices
0x0000000009210000 	/System/Library/Frameworks/CoreServices.framework/Versions/A/Frameworks/DictionaryServices.framework/Versions/A/DictionaryServices
0x0000000009210000 	/System/Library/Frameworks/CoreServices.framework/Versions/A/Frameworks/SharedFileList.framework/Versions/A/SharedFileList
0x0000000009210000 	/System/Library/Frameworks/NetFS.framework/Versions/A/NetFS
0x0000000009210000 	/System/Library/PrivateFrameworks/NetAuth.framework/Versions/A/NetAuth
0x0000000009210000 	/System/Library/PrivateFrameworks/login.framework/Versions/A/Frameworks/loginsupport.framework/Versions/A/loginsupport
0x0000000009210000 	/System/Library/PrivateFrameworks/TCC.framework/Versions/A/TCC
0x0000000009210000 	/usr/lib/libmecabra.dylib
0x0000000009210000 	/System/Library/Frameworks/ApplicationServices.framework/Versions/A/Frameworks/ATS.framework/Versions/A/ATS
0x0000000009210000 	/System/Library/Frameworks/ApplicationServices.framework/Versions/A/Frameworks/ColorSync.framework/Versions/A/ColorSync
0x0000000009210000 	/System/Library/Frameworks/ApplicationServices.framework/Versions/A/Frameworks/HIServices.framework/Versions/A/HIServices
0x0000000009210000 	/System/Library/Frameworks/ApplicationServices.framework/Versions/A/Frameworks/LangAnalysis.framework/Versions/A/LangAnalysis
0x0000000009210000 	/System/Library/Frameworks/ApplicationServices.framework/Versions/A/Frameworks/PrintCore.framework/Versions/A/PrintCore
0x0000000009210000 	/System/Library/Frameworks/ApplicationServices.framework/Versions/A/Frameworks/QD.framework/Versions/A/QD
0x0000000009210000 	/System/Library/Frameworks/ApplicationServices.framework/Versions/A/Frameworks/SpeechSynthesis.framework/Versions/A/SpeechSynthesis
0x0000000009210000 	/System/Library/Frameworks/Accelerate.framework/Versions/A/Frameworks/vImage.framework/Versions/A/vImage
0x0000000009210000 	/System/Library/Frameworks/Accelerate.framework/Versions/A/Frameworks/vecLib.framework/Versions/A/vecLib
0x0000000009210000 	/System/Library/Frameworks/Accelerate.framework/Versions/A/Frameworks/vecLib.framework/Versions/A/libvDSP.dylib
0x0000000009210000 	/System/Library/Frameworks/Accelerate.framework/Versions/A/Frameworks/vecLib.framework/Versions/A/libBNNS.dylib
0x0000000009210000 	/System/Library/Frameworks/Accelerate.framework/Versions/A/Frameworks/vecLib.framework/Versions/A/libQuadrature.dylib
0x0000000009210000 	/System/Library/Frameworks/Accelerate.framework/Versions/A/Frameworks/vecLib.framework/Versions/A/libvMisc.dylib
0x0000000009210000 	/System/Library/Frameworks/Accelerate.framework/Versions/A/Frameworks/vecLib.framework/Versions/A/libLAPACK.dylib
0x0000000009210000 	/System/Library/Frameworks/Accelerate.framework/Versions/A/Frameworks/vecLib.framework/Versions/A/libBLAS.dylib
0x0000000009210000 	/System/Library/Frameworks/Accelerate.framework/Versions/A/Frameworks/vecLib.framework/Versions/A/libLinearAlgebra.dylib
0x0000000009210000 	/System/Library/Frameworks/Accelerate.framework/Versions/A/Frameworks/vecLib.framework/Versions/A/libSparseBLAS.dylib
0x0000000009210000 	/System/Library/Frameworks/ApplicationServices.framework/Versions/A/Frameworks/ATS.framework/Versions/A/Resources/libFontParser.dylib
0x0000000009210000 	/System/Library/Frameworks/ApplicationServices.framework/Versions/A/Frameworks/ATS.framework/Versions/A/Resources/libFontRegistry.dylib
0x0000000009210000 	/System/Library/Frameworks/ImageIO.framework/Versions/A/Resources/libJPEG.dylib
0x0000000009210000 	/System/Library/Frameworks/ImageIO.framework/Versions/A/Resources/libTIFF.dylib
0x0000000009210000 	/System/Library/Frameworks/ImageIO.framework/Versions/A/Resources/libPng.dylib
0x0000000009210000 	/System/Library/Frameworks/ImageIO.framework/Versions/A/Resources/libGIF.dylib
0x0000000009210000 	/System/Library/Frameworks/ImageIO.framework/Versions/A/Resources/libJP2.dylib
0x0000000009210000 	/System/Library/Frameworks/ImageIO.framework/Versions/A/Resources/libRadiance.dylib
0x0000000009210000 	/usr/lib/libcompression.dylib
0x0000000009210000 	/System/Library/PrivateFrameworks/AppleJPEG.framework/Versions/A/AppleJPEG
0x0000000009210000 	/usr/lib/libcups.2.dylib
0x0000000009210000 	/System/Library/Frameworks/Kerberos.framework/Versions/A/Kerberos
0x0000000009210000 	/System/Library/Frameworks/GSS.framework/Versions/A/GSS
0x0000000009210000 	/usr/lib/libresolv.9.dylib
0x0000000009210000 	/usr/lib/libiconv.2.dylib
0x0000000009210000 	/System/Library/PrivateFrameworks/Heimdal.framework/Versions/A/Heimdal
0x0000000009210000 	/usr/lib/libheimdal-asn1.dylib
0x0000000009210000 	/System/Library/Frameworks/OpenDirectory.framework/Versions/A/OpenDirectory
0x0000000009210000 	/System/Library/PrivateFrameworks/CommonAuth.framework/Versions/A/CommonAuth
0x0000000009210000 	/System/Library/Frameworks/OpenDirectory.framework/Versions/A/Frameworks/CFOpenDirectory.framework/Versions/A/CFOpenDirectory
0x0000000009210000 	/System/Library/Frameworks/SecurityFoundation.framework/Versions/A/SecurityFoundation
0x0000000009210000 	/System/Library/PrivateFrameworks/LanguageModeling.framework/Versions/A/LanguageModeling
0x0000000009210000 	/usr/lib/libmarisa.dylib
0x0000000009210000 	/usr/lib/libChineseTokenizer.dylib
0x0000000009210000 	/usr/lib/libcmph.dylib
0x0000000009210000 	/System/Library/PrivateFrameworks/CoreEmoji.framework/Versions/A/CoreEmoji
0x0000000009210000 	/System/Library/Frameworks/ServiceManagement.framework/Versions/A/ServiceManagement
0x0000000009210000 	/usr/lib/libxslt.1.dylib
0x0000000009210000 	/System/Library/Frameworks/Carbon.framework/Versions/A/Frameworks/Ink.framework/Versions/A/Ink
0x0000000009210000 	/System/Library/PrivateFrameworks/TextureIO.framework/Versions/A/TextureIO
0x0000000009210000 	/System/Library/Frameworks/Metal.framework/Versions/A/Metal
0x0000000009210000 	/usr/lib/libate.dylib
0x0000000009210000 	/System/Library/PrivateFrameworks/GPUCompiler.framework/libmetal_timestamp.dylib
0x0000000009210000 	/System/Library/Frameworks/OpenGL.framework/Versions/A/Libraries/libCoreFSCache.dylib
0x0000000009210000 	/System/Library/PrivateFrameworks/IOAccelerator.framework/Versions/A/IOAccelerator
0x0000000009210000 	/System/Library/Frameworks/CoreVideo.framework/Versions/A/CoreVideo
0x0000000009210000 	/usr/lib/libFosl_dynamic.dylib
0x0000000009210000 	/System/Library/PrivateFrameworks/MetalPerformanceShaders.framework/Versions/A/MetalPerformanceShaders
0x0000000009210000 	/System/Library/PrivateFrameworks/FaceCore.framework/Versions/A/FaceCore
0x0000000009210000 	/System/Library/Frameworks/OpenCL.framework/Versions/A/OpenCL
0x0000000009210000 	/System/Library/Frameworks/OpenGL.framework/Versions/A/Libraries/libGLU.dylib
0x0000000009210000 	/System/Library/Frameworks/OpenGL.framework/Versions/A/Libraries/libGFXShared.dylib
0x0000000009210000 	/System/Library/Frameworks/OpenGL.framework/Versions/A/Libraries/libGL.dylib
0x0000000009210000 	/System/Library/Frameworks/OpenGL.framework/Versions/A/Libraries/libGLImage.dylib
0x0000000009210000 	/System/Library/Frameworks/OpenGL.framework/Versions/A/Libraries/libCVMSPluginSupport.dylib
0x0000000009210000 	/System/Library/Frameworks/OpenGL.framework/Versions/A/Libraries/libCoreVMClient.dylib
0x0000000009210000 	/System/Library/PrivateFrameworks/CrashReporterSupport.framework/Versions/A/CrashReporterSupport
0x0000000009210000 	/System/Library/PrivateFrameworks/Sharing.framework/Versions/A/Sharing
0x0000000009210000 	/System/Library/PrivateFrameworks/IconServices.framework/Versions/A/IconServices
0x0000000009210000 	/System/Library/PrivateFrameworks/ProtocolBuffer.framework/Versions/A/ProtocolBuffer
0x0000000009210000 	/System/Library/PrivateFrameworks/Apple80211.framework/Versions/A/Apple80211
0x0000000009210000 	/System/Library/Frameworks/CoreWLAN.framework/Versions/A/CoreWLAN
0x0000000009210000 	/System/Library/PrivateFrameworks/CoreUtils.framework/Versions/A/CoreUtils
0x0000000009210000 	/System/Library/Frameworks/IOBluetooth.framework/Versions/A/IOBluetooth
0x0000000009210000 	/System/Library/PrivateFrameworks/CoreWiFi.framework/Versions/A/CoreWiFi
0x0000000009210000 	/System/Library/Frameworks/CoreBluetooth.framework/Versions/A/CoreBluetooth
0x0000000009210000 	/System/Library/Frameworks/CoreDisplay.framework/Versions/A/CoreDisplay
0x0000000009210000 	/System/Library/PrivateFrameworks/IOPresentment.framework/Versions/A/IOPresentment
0x0000000009210000 	/System/Library/PrivateFrameworks/DebugSymbols.framework/Versions/A/DebugSymbols
0x0000000009210000 	/System/Library/PrivateFrameworks/CoreSymbolication.framework/Versions/A/CoreSymbolication
0x0000000009210000 	/System/Library/PrivateFrameworks/Symbolication.framework/Versions/A/Symbolication
0x0000000009210000 	/System/Library/PrivateFrameworks/AppleFSCompression.framework/Versions/A/AppleFSCompression
0x0000000009210000 	/System/Library/PrivateFrameworks/SpeechRecognitionCore.framework/Versions/A/SpeechRecognitionCore
0x0000000009210000 	/System/Library/PrivateFrameworks/ChunkingLibrary.framework/Versions/A/ChunkingLibrary
0x0000000110a00000 	/Library/Java/JavaVirtualMachines/jdk1.8.0_40.jdk/Contents/Home/jre/lib/server/libjvm.dylib
0x0000000009210000 	/usr/lib/libstdc++.6.dylib
0x000000010f954000 	/Library/Java/JavaVirtualMachines/jdk1.8.0_40.jdk/Contents/Home/jre/lib/libverify.dylib
0x000000010f962000 	/Library/Java/JavaVirtualMachines/jdk1.8.0_40.jdk/Contents/Home/jre/lib/libjava.dylib
0x000000010f998000 	/Library/Java/JavaVirtualMachines/jdk1.8.0_40.jdk/Contents/Home/jre/lib/libjdwp.dylib
0x000000010f9e3000 	/Library/Java/JavaVirtualMachines/jdk1.8.0_40.jdk/Contents/Home/jre/lib/libnpt.dylib
0x000000010f9f0000 	/Library/Java/JavaVirtualMachines/jdk1.8.0_40.jdk/Contents/Home/jre/lib/libzip.dylib
0x000000011d71e000 	/System/Library/Frameworks/JavaVM.framework/Frameworks/JavaRuntimeSupport.framework/JavaRuntimeSupport
0x000000011d738000 	/System/Library/Frameworks/JavaVM.framework/Versions/A/Frameworks/JavaNativeFoundation.framework/Versions/A/JavaNativeFoundation
0x000000011d74d000 	/System/Library/Frameworks/JavaVM.framework/Versions/A/JavaVM
0x0000000009210000 	/System/Library/Frameworks/Carbon.framework/Versions/A/Carbon
0x000000011d75a000 	/System/Library/PrivateFrameworks/JavaLaunching.framework/Versions/A/JavaLaunching
0x0000000009210000 	/System/Library/Frameworks/Carbon.framework/Versions/A/Frameworks/CommonPanels.framework/Versions/A/CommonPanels
0x0000000009210000 	/System/Library/Frameworks/Carbon.framework/Versions/A/Frameworks/Help.framework/Versions/A/Help
0x0000000009210000 	/System/Library/Frameworks/Carbon.framework/Versions/A/Frameworks/ImageCapture.framework/Versions/A/ImageCapture
0x0000000009210000 	/System/Library/Frameworks/Carbon.framework/Versions/A/Frameworks/OpenScripting.framework/Versions/A/OpenScripting
0x0000000009210000 	/System/Library/Frameworks/Carbon.framework/Versions/A/Frameworks/Print.framework/Versions/A/Print
0x0000000009210000 	/System/Library/Frameworks/Carbon.framework/Versions/A/Frameworks/SecurityHI.framework/Versions/A/SecurityHI
0x000000011d76a000 	/Library/Java/JavaVirtualMachines/jdk1.8.0_40.jdk/Contents/Home/jre/lib/libdt_socket.dylib

VM Arguments:
jvm_args: -agentlib:jdwp=transport=dt_socket,address=127.0.0.1:52775,suspend=y,server=n -Dfile.encoding=UTF-8 
java_command: artur.week2.Task7
java_class_path (initial): /Library/Java/JavaVirtualMachines/jdk1.8.0_40.jdk/Contents/Home/lib/ant-javafx.jar:/Library/Java/JavaVirtualMachines/jdk1.8.0_40.jdk/Contents/Home/lib/dt.jar:/Library/Java/JavaVirtualMachines/jdk1.8.0_40.jdk/Contents/Home/lib/javafx-mx.jar:/Library/Java/JavaVirtualMachines/jdk1.8.0_40.jdk/Contents/Home/lib/jconsole.jar:/Library/Java/JavaVirtualMachines/jdk1.8.0_40.jdk/Contents/Home/lib/packager.jar:/Library/Java/JavaVirtualMachines/jdk1.8.0_40.jdk/Contents/Home/lib/sa-jdi.jar:/Library/Java/JavaVirtualMachines/jdk1.8.0_40.jdk/Contents/Home/lib/tools.jar:/Library/Java/JavaVirtualMachines/jdk1.8.0_40.jdk/Contents/Home/jre/lib/charsets.jar:/Library/Java/JavaVirtualMachines/jdk1.8.0_40.jdk/Contents/Home/jre/lib/deploy.jar:/Library/Java/JavaVirtualMachines/jdk1.8.0_40.jdk/Contents/Home/jre/lib/javaws.jar:/Library/Java/JavaVirtualMachines/jdk1.8.0_40.jdk/Contents/Home/jre/lib/jce.jar:/Library/Java/JavaVirtualMachines/jdk1.8.0_40.jdk/Contents/Home/jre/lib/jfr.jar:/Library/Java/JavaVirtualMachines/jdk1.8.0_40.jdk/Contents/Home/jre/lib/jfxswt.jar:/Library/Java/JavaVirtualMachines/jdk1.8.0_40.jdk/Contents/Home/jre/lib/jsse.jar:/Library/Java/JavaVirtualMachines/jdk1.8.0_40.jdk/Contents/Home/jre/lib/management-agent.jar:/Library/Java/JavaVirtualMachines/jdk1.8.0_40.jdk/Contents/Home/jre/lib/plugin.jar:/Library/Java/JavaVirtualMachines/jdk1.8.0_40.jdk/Contents/Home/jre/lib/resources.jar:/Library/Java/JavaVirtualMachines/jdk1.8.0_40.jdk/Contents/Home/jre/lib/rt.jar:/Library/Java/JavaVirtualMachines/jdk1.8.0_40.jdk/Contents/Home/jre/lib/ext/cldrdata.jar:/Library/Java/JavaVirtualMachines/jdk1.8.0_40.jdk/Contents/Home/jre/lib/ext/dnsns.jar:/Library/Java/JavaVirtualMachines/jdk1.8.0_40.jdk/Contents/Home/jre/lib/ext/jfxrt.jar:/Library/Java/JavaVirtualMachines/jdk1.8.0_40.jdk/Contents/Home/jre/lib/ext/localedata.jar:/Library/Java/JavaVirtualMachines/jdk1.8.0_40.jdk/Contents/Home/jre/lib/ext/nashorn.jar:/Library/Java/JavaVirtualMachines/jdk1.8.0_40.jdk/Conten
Launcher Type: SUN_STANDARD

Environment Variables:
PATH=/usr/local/bin:/usr/bin:/bin:/usr/sbin:/sbin:/opt/X11/bin:/Library/TeX/texbin
SHELL=/bin/zsh
DISPLAY=/private/tmp/com.apple.launchd.eMvWpgD6mD/org.macosforge.xquartz:0

Signal Handlers:
SIGSEGV: [libjvm.dylib+0x58ef95], sa_mask[0]=11111111011111110111111111111111, sa_flags=SA_ONSTACK|SA_RESTART|SA_SIGINFO
SIGBUS: [libjvm.dylib+0x58ef95], sa_mask[0]=11111111011111110111111111111111, sa_flags=SA_RESTART|SA_SIGINFO
SIGFPE: [libjvm.dylib+0x46c118], sa_mask[0]=11111111011111110111111111111111, sa_flags=SA_RESTART|SA_SIGINFO
SIGPIPE: [libjvm.dylib+0x46c118], sa_mask[0]=11111111011111110111111111111111, sa_flags=SA_RESTART|SA_SIGINFO
SIGXFSZ: [libjvm.dylib+0x46c118], sa_mask[0]=11111111011111110111111111111111, sa_flags=SA_RESTART|SA_SIGINFO
SIGILL: [libjvm.dylib+0x46c118], sa_mask[0]=11111111011111110111111111111111, sa_flags=SA_RESTART|SA_SIGINFO
SIGUSR1: SIG_DFL, sa_mask[0]=00000000000000000000000000000000, sa_flags=none
SIGUSR2: [libjvm.dylib+0x46bc36], sa_mask[0]=00100000000000000000000000000000, sa_flags=SA_RESTART|SA_SIGINFO
SIGHUP: [libjvm.dylib+0x46a209], sa_mask[0]=11111111011111110111111111111111, sa_flags=SA_RESTART|SA_SIGINFO
SIGINT: [libjvm.dylib+0x46a209], sa_mask[0]=11111111011111110111111111111111, sa_flags=SA_RESTART|SA_SIGINFO
SIGTERM: [libjvm.dylib+0x46a209], sa_mask[0]=11111111011111110111111111111111, sa_flags=SA_RESTART|SA_SIGINFO
SIGQUIT: [libjvm.dylib+0x46a209], sa_mask[0]=11111111011111110111111111111111, sa_flags=SA_RESTART|SA_SIGINFO


---------------  S Y S T E M  ---------------

OS:Bsduname:Darwin 16.4.0 Darwin Kernel Version 16.4.0: Thu Dec 22 22:53:21 PST 2016; root:xnu-3789.41.3~3/RELEASE_X86_64 x86_64
rlimit: STACK 8192k, CORE 0k, NPROC 709, NOFILE 10240, AS infinity
load average:2.60 3.14 3.08

CPU:total 8 (4 cores per cpu, 2 threads per core) family 6 model 70 stepping 1, cmov, cx8, fxsr, mmx, sse, sse2, sse3, ssse3, sse4.1, sse4.2, popcnt, avx, avx2, aes, clmul, erms, lzcnt, ht, tsc, tscinvbit, bmi1, bmi2

Memory: 4k page, physical 16777216k(3077144k free)

/proc/meminfo:


vm_info: Java HotSpot(TM) 64-Bit Server VM (25.40-b25) for bsd-amd64 JRE (1.8.0_40-b25), built on Feb 10 2015 21:07:25 by "java_re" with gcc 4.2.1 (Based on Apple Inc. build 5658) (LLVM build 2336.11.00)

time: Fri Mar 31 11:18:52 2017
elapsed time: 186 seconds (0d 0h 3m 6s)

